0 info it worked if it ends with ok
1 verbose cli [ '/usr/local/bin/iojs',
1 verbose cli   '/usr/local/bin/npm',
1 verbose cli   'run',
1 verbose cli   'test-watch' ]
2 info using npm@2.14.3
3 info using node@v3.3.0
4 verbose run-script [ 'pretest-watch', 'test-watch', 'posttest-watch' ]
5 info pretest-watch d2-ui@0.0.1
6 info test-watch d2-ui@0.0.1
7 verbose unsafe-perm in lifecycle true
8 info d2-ui@0.0.1 Failed to exec test-watch script
9 verbose stack Error: d2-ui@0.0.1 test-watch: `./node_modules/karma/bin/karma start test/config/karma.config.js`
9 verbose stack Exit status 1
9 verbose stack     at EventEmitter.<anonymous> (/usr/local/lib/node_modules/npm/lib/utils/lifecycle.js:214:16)
9 verbose stack     at emitTwo (events.js:87:13)
9 verbose stack     at EventEmitter.emit (events.js:172:7)
9 verbose stack     at ChildProcess.<anonymous> (/usr/local/lib/node_modules/npm/lib/utils/spawn.js:24:14)
9 verbose stack     at emitTwo (events.js:87:13)
9 verbose stack     at ChildProcess.emit (events.js:172:7)
9 verbose stack     at maybeClose (internal/child_process.js:764:16)
9 verbose stack     at Process.ChildProcess._handle.onexit (internal/child_process.js:211:5)
10 verbose pkgid d2-ui@0.0.1
11 verbose cwd /Users/markadm/Projects/dhis/d2-libs/d2-ui
12 error Darwin 14.5.0
13 error argv "/usr/local/bin/iojs" "/usr/local/bin/npm" "run" "test-watch"
14 error node v3.3.0
15 error npm  v2.14.3
16 error code ELIFECYCLE
17 error d2-ui@0.0.1 test-watch: `./node_modules/karma/bin/karma start test/config/karma.config.js`
17 error Exit status 1
18 error Failed at the d2-ui@0.0.1 test-watch script './node_modules/karma/bin/karma start test/config/karma.config.js'.
18 error This is most likely a problem with the d2-ui package,
18 error not with npm itself.
18 error Tell the author that this fails on your system:
18 error     ./node_modules/karma/bin/karma start test/config/karma.config.js
18 error You can get their info via:
18 error     npm owner ls d2-ui
18 error There is likely additional logging output above.
19 verbose exit [ 1, true ]
